========================================
  ZenithFit: Node server
========================================
App mode: production
App address: 127.0.0.1:3100
PostgreSQL: postgres@localhost:5432/ZenithFit
Running production build...

> nextn@0.1.0 build
> next build

   ▲ Next.js 15.5.9

   Creating an optimized production build ...
 ✓ Compiled successfully in 5.2s
   Skipping validation of types
   Skipping linting
   Collecting page data ...
   Generating static pages (0/18) ...
   Generating static pages (4/18) 
   Generating static pages (8/18) 
   Generating static pages (13/18) 
 ✓ Generating static pages (18/18)
   Finalizing page optimization ...
   Collecting build traces ...

Route (app)                                 Size  First Load JS
┌ ○ /                                    14.4 kB         270 kB
├ ○ /_not-found                             1 kB         102 kB
├ ○ /about                               3.01 kB         122 kB
├ ƒ /api/auth/login                        134 B         102 kB
├ ƒ /api/auth/logout                       134 B         102 kB
├ ƒ /api/auth/profile                      134 B         102 kB
├ ƒ /api/auth/register                     134 B         102 kB
├ ○ /classes                             1.56 kB         119 kB
├ ○ /contact                             6.47 kB         121 kB
├ ○ /login                               5.31 kB         115 kB
├ ○ /membership                          4.57 kB         119 kB
├ ○ /news                                  197 B         251 kB
├ ○ /profile                             8.33 kB         230 kB
├ ○ /schedule                            1.56 kB         119 kB
└ ○ /trainers                            3.01 kB         122 kB
+ First Load JS shared by all             101 kB
  ├ chunks/493-9376e004b9339cce.js       45.2 kB
  ├ chunks/4bd1b696-1c88c00269cf164c.js  54.2 kB
  └ other shared chunks (total)          2.05 kB


○  (Static)   prerendered as static content
ƒ  (Dynamic)  server-rendered on demand

Starting Next.js server: npm run start -- -H 127.0.0.1 -p 3100

> nextn@0.1.0 start
> next start -H 127.0.0.1 -p 3100

   ▲ Next.js 15.5.9
   - Local:        http://127.0.0.1:3100
   - Network:      http://127.0.0.1:3100

 ✓ Starting...
 ✓ Ready in 592ms
